  CommonFunctions.cpp
C:\Users\josia\Documents\UNI Stuff\CS\24 25\Advanced Programing\SmartHomeSystem\HomeSystem.h(11,5): error C2143: syntax error: missing ';' before '<'
  (compiling source file 'CommonFunctions.cpp')
  
C:\Users\josia\Documents\UNI Stuff\CS\24 25\Advanced Programing\SmartHomeSystem\HomeSystem.h(11,2): error C4430: missing type specifier - int assumed. Note: C++ does not support default-int
  (compiling source file 'CommonFunctions.cpp')
  
C:\Users\josia\Documents\UNI Stuff\CS\24 25\Advanced Programing\SmartHomeSystem\HomeSystem.h(11,29): error C2238: unexpected token(s) preceding ';'
  (compiling source file 'CommonFunctions.cpp')
  
C:\Users\josia\Documents\UNI Stuff\CS\24 25\Advanced Programing\SmartHomeSystem\HomeSystem.h(12,5): error C2143: syntax error: missing ';' before '<'
  (compiling source file 'CommonFunctions.cpp')
  
C:\Users\josia\Documents\UNI Stuff\CS\24 25\Advanced Programing\SmartHomeSystem\HomeSystem.h(12,2): error C4430: missing type specifier - int assumed. Note: C++ does not support default-int
  (compiling source file 'CommonFunctions.cpp')
  
C:\Users\josia\Documents\UNI Stuff\CS\24 25\Advanced Programing\SmartHomeSystem\HomeSystem.h(12,34): error C2238: unexpected token(s) preceding ';'
  (compiling source file 'CommonFunctions.cpp')
  
C:\Users\josia\Documents\UNI Stuff\CS\24 25\Advanced Programing\SmartHomeSystem\HomeSystem.h(34,15): error C2143: syntax error: missing ';' before '*'
  (compiling source file 'CommonFunctions.cpp')
  
C:\Users\josia\Documents\UNI Stuff\CS\24 25\Advanced Programing\SmartHomeSystem\HomeSystem.h(34,10): error C7524: 'inline' specifier cannot appear on a block-scope declaration or non-static data member
  (compiling source file 'CommonFunctions.cpp')
  
C:\Users\josia\Documents\UNI Stuff\CS\24 25\Advanced Programing\SmartHomeSystem\HomeSystem.h(34,10): error C4430: missing type specifier - int assumed. Note: C++ does not support default-int
  (compiling source file 'CommonFunctions.cpp')
  
C:\Users\josia\Documents\UNI Stuff\CS\24 25\Advanced Programing\SmartHomeSystem\HomeSystem.h(34,30): error C2238: unexpected token(s) preceding ';'
  (compiling source file 'CommonFunctions.cpp')
  
C:\Users\josia\Documents\UNI Stuff\CS\24 25\Advanced Programing\SmartHomeSystem\HomeSystem.h(42,13): error C2143: syntax error: missing ';' before '*'
  (compiling source file 'CommonFunctions.cpp')
  
C:\Users\josia\Documents\UNI Stuff\CS\24 25\Advanced Programing\SmartHomeSystem\HomeSystem.h(42,8): error C7525: inline variables require at least '/std:c++17'
  (compiling source file 'CommonFunctions.cpp')
  
C:\Users\josia\Documents\UNI Stuff\CS\24 25\Advanced Programing\SmartHomeSystem\HomeSystem.h(42,8): error C4430: missing type specifier - int assumed. Note: C++ does not support default-int
  (compiling source file 'CommonFunctions.cpp')
  
C:\Users\josia\Documents\UNI Stuff\CS\24 25\Advanced Programing\SmartHomeSystem\HomeSystem.h(42,15): error C4430: missing type specifier - int assumed. Note: C++ does not support default-int
  (compiling source file 'CommonFunctions.cpp')
  
C:\Users\josia\Documents\UNI Stuff\CS\24 25\Advanced Programing\SmartHomeSystem\HomeSystem.h(42,29): error C2059: syntax error: '{'
  (compiling source file 'CommonFunctions.cpp')
  
C:\Users\josia\Documents\UNI Stuff\CS\24 25\Advanced Programing\SmartHomeSystem\HomeSystem.h(42,29): error C2143: syntax error: missing ';' before '{'
  (compiling source file 'CommonFunctions.cpp')
  
C:\Users\josia\Documents\UNI Stuff\CS\24 25\Advanced Programing\SmartHomeSystem\HomeSystem.h(42,29): error C2447: '{': missing function header (old-style formal list?)
  (compiling source file 'CommonFunctions.cpp')
  
C:\Users\josia\Documents\UNI Stuff\CS\24 25\Advanced Programing\SmartHomeSystem\HomeSystem.h(7,8): error C2011: 'params': 'struct' type redefinition
  (compiling source file 'CommonFunctions.cpp')
      C:\Users\josia\Documents\UNI Stuff\CS\24 25\Advanced Programing\SmartHomeSystem\HomeSystem.h(7,8):
      see declaration of 'params'
  
C:\Users\josia\Documents\UNI Stuff\CS\24 25\Advanced Programing\SmartHomeSystem\HomeSystem.h(10,8): error C2011: 'DeviceTypes': 'struct' type redefinition
  (compiling source file 'CommonFunctions.cpp')
      C:\Users\josia\Documents\UNI Stuff\CS\24 25\Advanced Programing\SmartHomeSystem\HomeSystem.h(10,8):
      see declaration of 'DeviceTypes'
  
C:\Users\josia\Documents\UNI Stuff\CS\24 25\Advanced Programing\SmartHomeSystem\HomeSystem.h(16,7): error C2011: 'HomeSystem': 'class' type redefinition
  (compiling source file 'CommonFunctions.cpp')
      C:\Users\josia\Documents\UNI Stuff\CS\24 25\Advanced Programing\SmartHomeSystem\HomeSystem.h(16,7):
      see declaration of 'HomeSystem'
  
C:\Users\josia\Documents\UNI Stuff\CS\24 25\Advanced Programing\SmartHomeSystem\HomeSystem.h(42,13): error C2143: syntax error: missing ';' before '*'
  (compiling source file 'CommonFunctions.cpp')
  
C:\Users\josia\Documents\UNI Stuff\CS\24 25\Advanced Programing\SmartHomeSystem\HomeSystem.h(42,8): error C7525: inline variables require at least '/std:c++17'
  (compiling source file 'CommonFunctions.cpp')
  
C:\Users\josia\Documents\UNI Stuff\CS\24 25\Advanced Programing\SmartHomeSystem\HomeSystem.h(42,8): error C4430: missing type specifier - int assumed. Note: C++ does not support default-int
  (compiling source file 'CommonFunctions.cpp')
  
C:\Users\josia\Documents\UNI Stuff\CS\24 25\Advanced Programing\SmartHomeSystem\HomeSystem.h(42,8): error C2086: 'int Light': redefinition
  (compiling source file 'CommonFunctions.cpp')
      C:\Users\josia\Documents\UNI Stuff\CS\24 25\Advanced Programing\SmartHomeSystem\HomeSystem.h(42,8):
      see declaration of 'Light'
  
C:\Users\josia\Documents\UNI Stuff\CS\24 25\Advanced Programing\SmartHomeSystem\HomeSystem.h(42,15): error C4430: missing type specifier - int assumed. Note: C++ does not support default-int
  (compiling source file 'CommonFunctions.cpp')
  
C:\Users\josia\Documents\UNI Stuff\CS\24 25\Advanced Programing\SmartHomeSystem\HomeSystem.h(42,29): error C2059: syntax error: '{'
  (compiling source file 'CommonFunctions.cpp')
  
C:\Users\josia\Documents\UNI Stuff\CS\24 25\Advanced Programing\SmartHomeSystem\HomeSystem.h(42,29): error C2143: syntax error: missing ';' before '{'
  (compiling source file 'CommonFunctions.cpp')
  
C:\Users\josia\Documents\UNI Stuff\CS\24 25\Advanced Programing\SmartHomeSystem\HomeSystem.h(42,29): error C2447: '{': missing function header (old-style formal list?)
  (compiling source file 'CommonFunctions.cpp')
  
C:\Users\josia\Documents\UNI Stuff\CS\24 25\Advanced Programing\SmartHomeSystem\HomeSystemFunctions.h(23,14): warning C4091: 'static ': ignored on left of 'HomeSystemFunctions' when no variable is declared
  (compiling source file 'CommonFunctions.cpp')
  
C:\Users\josia\Documents\UNI Stuff\CS\24 25\Advanced Programing\SmartHomeSystem\CommonFunctions.h(11,14): warning C4091: 'static ': ignored on left of 'CommonFunctions' when no variable is declared
  (compiling source file 'CommonFunctions.cpp')
  
  HomeSystem.cpp
C:\Users\josia\Documents\UNI Stuff\CS\24 25\Advanced Programing\SmartHomeSystem\HomeSystem.h(12,12): error C2065: 'functionData': undeclared identifier
  (compiling source file 'HomeSystem.cpp')
  
C:\Users\josia\Documents\UNI Stuff\CS\24 25\Advanced Programing\SmartHomeSystem\HomeSystem.h(12,2): error C2923: 'std::map': 'functionData' is not a valid template type argument for parameter '_Ty'
  (compiling source file 'HomeSystem.cpp')
      C:\Users\josia\Documents\UNI Stuff\CS\24 25\Advanced Programing\SmartHomeSystem\HomeSystem.h(12,12):
      see declaration of 'functionData'
  
C:\Users\josia\Documents\UNI Stuff\CS\24 25\Advanced Programing\SmartHomeSystem\HomeSystem.h(12,2): error C2976: 'std::map': too few template arguments
  (compiling source file 'HomeSystem.cpp')
      C:\Program Files\Microsoft Visual Studio\2022\Community\VC\Tools\MSVC\14.41.34120\include\map(72,7):
      see declaration of 'std::map'
  
C:\Users\josia\Documents\UNI Stuff\CS\24 25\Advanced Programing\SmartHomeSystem\HomeSystem.h(34,15): error C2143: syntax error: missing ';' before '*'
  (compiling source file 'HomeSystem.cpp')
  
C:\Users\josia\Documents\UNI Stuff\CS\24 25\Advanced Programing\SmartHomeSystem\HomeSystem.h(34,10): error C7524: 'inline' specifier cannot appear on a block-scope declaration or non-static data member
  (compiling source file 'HomeSystem.cpp')
  
C:\Users\josia\Documents\UNI Stuff\CS\24 25\Advanced Programing\SmartHomeSystem\HomeSystem.h(34,10): error C4430: missing type specifier - int assumed. Note: C++ does not support default-int
  (compiling source file 'HomeSystem.cpp')
  
C:\Users\josia\Documents\UNI Stuff\CS\24 25\Advanced Programing\SmartHomeSystem\HomeSystem.h(34,30): error C2238: unexpected token(s) preceding ';'
  (compiling source file 'HomeSystem.cpp')
  
C:\Users\josia\Documents\UNI Stuff\CS\24 25\Advanced Programing\SmartHomeSystem\HomeSystem.h(42,13): error C2143: syntax error: missing ';' before '*'
  (compiling source file 'HomeSystem.cpp')
  
C:\Users\josia\Documents\UNI Stuff\CS\24 25\Advanced Programing\SmartHomeSystem\HomeSystem.h(42,8): error C7525: inline variables require at least '/std:c++17'
  (compiling source file 'HomeSystem.cpp')
  
C:\Users\josia\Documents\UNI Stuff\CS\24 25\Advanced Programing\SmartHomeSystem\HomeSystem.h(42,8): error C4430: missing type specifier - int assumed. Note: C++ does not support default-int
  (compiling source file 'HomeSystem.cpp')
  
C:\Users\josia\Documents\UNI Stuff\CS\24 25\Advanced Programing\SmartHomeSystem\HomeSystem.h(42,15): error C4430: missing type specifier - int assumed. Note: C++ does not support default-int
  (compiling source file 'HomeSystem.cpp')
  
C:\Users\josia\Documents\UNI Stuff\CS\24 25\Advanced Programing\SmartHomeSystem\HomeSystem.h(42,29): error C2059: syntax error: '{'
  (compiling source file 'HomeSystem.cpp')
  
C:\Users\josia\Documents\UNI Stuff\CS\24 25\Advanced Programing\SmartHomeSystem\HomeSystem.h(42,29): error C2143: syntax error: missing ';' before '{'
  (compiling source file 'HomeSystem.cpp')
  
C:\Users\josia\Documents\UNI Stuff\CS\24 25\Advanced Programing\SmartHomeSystem\HomeSystem.h(42,29): error C2447: '{': missing function header (old-style formal list?)
  (compiling source file 'HomeSystem.cpp')
  
C:\Users\josia\Documents\UNI Stuff\CS\24 25\Advanced Programing\SmartHomeSystem\HomeSystem.h(7,8): error C2011: 'params': 'struct' type redefinition
  (compiling source file 'HomeSystem.cpp')
      C:\Users\josia\Documents\UNI Stuff\CS\24 25\Advanced Programing\SmartHomeSystem\HomeSystem.h(7,8):
      see declaration of 'params'
  
C:\Users\josia\Documents\UNI Stuff\CS\24 25\Advanced Programing\SmartHomeSystem\HomeSystem.h(10,8): error C2011: 'DeviceTypes': 'struct' type redefinition
  (compiling source file 'HomeSystem.cpp')
      C:\Users\josia\Documents\UNI Stuff\CS\24 25\Advanced Programing\SmartHomeSystem\HomeSystem.h(10,8):
      see declaration of 'DeviceTypes'
  
C:\Users\josia\Documents\UNI Stuff\CS\24 25\Advanced Programing\SmartHomeSystem\HomeSystem.h(16,7): error C2011: 'HomeSystem': 'class' type redefinition
  (compiling source file 'HomeSystem.cpp')
      C:\Users\josia\Documents\UNI Stuff\CS\24 25\Advanced Programing\SmartHomeSystem\HomeSystem.h(16,7):
      see declaration of 'HomeSystem'
  
C:\Users\josia\Documents\UNI Stuff\CS\24 25\Advanced Programing\SmartHomeSystem\HomeSystem.h(42,13): error C2143: syntax error: missing ';' before '*'
  (compiling source file 'HomeSystem.cpp')
  
C:\Users\josia\Documents\UNI Stuff\CS\24 25\Advanced Programing\SmartHomeSystem\HomeSystem.h(42,8): error C7525: inline variables require at least '/std:c++17'
  (compiling source file 'HomeSystem.cpp')
  
C:\Users\josia\Documents\UNI Stuff\CS\24 25\Advanced Programing\SmartHomeSystem\HomeSystem.h(42,8): error C4430: missing type specifier - int assumed. Note: C++ does not support default-int
  (compiling source file 'HomeSystem.cpp')
  
C:\Users\josia\Documents\UNI Stuff\CS\24 25\Advanced Programing\SmartHomeSystem\HomeSystem.h(42,8): error C2086: 'int Light': redefinition
  (compiling source file 'HomeSystem.cpp')
      C:\Users\josia\Documents\UNI Stuff\CS\24 25\Advanced Programing\SmartHomeSystem\HomeSystem.h(42,8):
      see declaration of 'Light'
  
C:\Users\josia\Documents\UNI Stuff\CS\24 25\Advanced Programing\SmartHomeSystem\HomeSystem.h(42,15): error C4430: missing type specifier - int assumed. Note: C++ does not support default-int
  (compiling source file 'HomeSystem.cpp')
  
C:\Users\josia\Documents\UNI Stuff\CS\24 25\Advanced Programing\SmartHomeSystem\HomeSystem.h(42,29): error C2059: syntax error: '{'
  (compiling source file 'HomeSystem.cpp')
  
C:\Users\josia\Documents\UNI Stuff\CS\24 25\Advanced Programing\SmartHomeSystem\HomeSystem.h(42,29): error C2143: syntax error: missing ';' before '{'
  (compiling source file 'HomeSystem.cpp')
  
C:\Users\josia\Documents\UNI Stuff\CS\24 25\Advanced Programing\SmartHomeSystem\HomeSystem.h(42,29): error C2447: '{': missing function header (old-style formal list?)
  (compiling source file 'HomeSystem.cpp')
  
C:\Users\josia\Documents\UNI Stuff\CS\24 25\Advanced Programing\SmartHomeSystem\HomeSystemFunctions.h(23,14): warning C4091: 'static ': ignored on left of 'HomeSystemFunctions' when no variable is declared
  (compiling source file 'HomeSystem.cpp')
  
C:\Users\josia\Documents\UNI Stuff\CS\24 25\Advanced Programing\SmartHomeSystem\HomeSystem.cpp(6,10): warning C4067: unexpected tokens following preprocessor directive - expected a newline
C:\Users\josia\Documents\UNI Stuff\CS\24 25\Advanced Programing\SmartHomeSystem\HomeSystem.cpp(8,13): error C2027: use of undefined type 'HomeSystem'
      C:\Users\josia\Documents\UNI Stuff\CS\24 25\Advanced Programing\SmartHomeSystem\HomeSystem.h(16,7):
      see declaration of 'HomeSystem'
  
C:\Users\josia\Documents\UNI Stuff\CS\24 25\Advanced Programing\SmartHomeSystem\HomeSystem.cpp(8,13): error C4430: missing type specifier - int assumed. Note: C++ does not support default-int
C:\Users\josia\Documents\UNI Stuff\CS\24 25\Advanced Programing\SmartHomeSystem\HomeSystem.cpp(8,137): error C2550: '{ctor}': constructor initializer lists are only allowed on constructor definitions
C:\Users\josia\Documents\UNI Stuff\CS\24 25\Advanced Programing\SmartHomeSystem\HomeSystem.cpp(10,2): error C2355: 'this': can only be referenced inside non-static member functions or non-static data member initializers
C:\Users\josia\Documents\UNI Stuff\CS\24 25\Advanced Programing\SmartHomeSystem\HomeSystem.cpp(11,2): error C2355: 'this': can only be referenced inside non-static member functions or non-static data member initializers
C:\Users\josia\Documents\UNI Stuff\CS\24 25\Advanced Programing\SmartHomeSystem\HomeSystem.cpp(12,1): warning C4508: '{ctor}': function should return a value; 'void' return type assumed
C:\Users\josia\Documents\UNI Stuff\CS\24 25\Advanced Programing\SmartHomeSystem\HomeSystem.cpp(14,18): error C2027: use of undefined type 'HomeSystem'
      C:\Users\josia\Documents\UNI Stuff\CS\24 25\Advanced Programing\SmartHomeSystem\HomeSystem.h(16,7):
      see declaration of 'HomeSystem'
  
C:\Users\josia\Documents\UNI Stuff\CS\24 25\Advanced Programing\SmartHomeSystem\HomeSystem.cpp(18,27): error C2355: 'this': can only be referenced inside non-static member functions or non-static data member initializers
C:\Users\josia\Documents\UNI Stuff\CS\24 25\Advanced Programing\SmartHomeSystem\HomeSystem.cpp(46,24): error C2027: use of undefined type 'HomeSystem'
      C:\Users\josia\Documents\UNI Stuff\CS\24 25\Advanced Programing\SmartHomeSystem\HomeSystem.h(16,7):
      see declaration of 'HomeSystem'
  
C:\Users\josia\Documents\UNI Stuff\CS\24 25\Advanced Programing\SmartHomeSystem\HomeSystem.cpp(47,6): error C2355: 'this': can only be referenced inside non-static member functions or non-static data member initializers
C:\Users\josia\Documents\UNI Stuff\CS\24 25\Advanced Programing\SmartHomeSystem\HomeSystem.cpp(48,35): error C2355: 'this': can only be referenced inside non-static member functions or non-static data member initializers
C:\Users\josia\Documents\UNI Stuff\CS\24 25\Advanced Programing\SmartHomeSystem\HomeSystem.cpp(49,16): error C2355: 'this': can only be referenced inside non-static member functions or non-static data member initializers
C:\Users\josia\Documents\UNI Stuff\CS\24 25\Advanced Programing\SmartHomeSystem\HomeSystem.cpp(58,18): error C2027: use of undefined type 'HomeSystem'
      C:\Users\josia\Documents\UNI Stuff\CS\24 25\Advanced Programing\SmartHomeSystem\HomeSystem.h(16,7):
      see declaration of 'HomeSystem'
  
C:\Users\josia\Documents\UNI Stuff\CS\24 25\Advanced Programing\SmartHomeSystem\HomeSystem.cpp(59,6): error C2355: 'this': can only be referenced inside non-static member functions or non-static data member initializers
C:\Users\josia\Documents\UNI Stuff\CS\24 25\Advanced Programing\SmartHomeSystem\HomeSystem.cpp(60,35): error C2355: 'this': can only be referenced inside non-static member functions or non-static data member initializers
C:\Users\josia\Documents\UNI Stuff\CS\24 25\Advanced Programing\SmartHomeSystem\HomeSystem.cpp(61,16): error C2355: 'this': can only be referenced inside non-static member functions or non-static data member initializers
C:\Users\josia\Documents\UNI Stuff\CS\24 25\Advanced Programing\SmartHomeSystem\HomeSystem.cpp(70,18): error C2027: use of undefined type 'HomeSystem'
      C:\Users\josia\Documents\UNI Stuff\CS\24 25\Advanced Programing\SmartHomeSystem\HomeSystem.h(16,7):
      see declaration of 'HomeSystem'
  
C:\Users\josia\Documents\UNI Stuff\CS\24 25\Advanced Programing\SmartHomeSystem\HomeSystem.cpp(72,28): error C2065: 'devices': undeclared identifier
C:\Users\josia\Documents\UNI Stuff\CS\24 25\Advanced Programing\SmartHomeSystem\HomeSystem.cpp(72,45): error C2065: 'devices': undeclared identifier
C:\Users\josia\Documents\UNI Stuff\CS\24 25\Advanced Programing\SmartHomeSystem\HomeSystem.cpp(72,63): error C2059: syntax error: ')'
  HomeSystemFunctions.cpp
C:\Users\josia\Documents\UNI Stuff\CS\24 25\Advanced Programing\SmartHomeSystem\HomeSystemFunctions.h(23,14): warning C4091: 'static ': ignored on left of 'HomeSystemFunctions' when no variable is declared
  (compiling source file 'HomeSystemFunctions.cpp')
  
C:\Users\josia\Documents\UNI Stuff\CS\24 25\Advanced Programing\SmartHomeSystem\HomeSystem.h(34,15): error C2143: syntax error: missing ';' before '*'
  (compiling source file 'HomeSystemFunctions.cpp')
  
C:\Users\josia\Documents\UNI Stuff\CS\24 25\Advanced Programing\SmartHomeSystem\HomeSystem.h(34,10): error C7524: 'inline' specifier cannot appear on a block-scope declaration or non-static data member
  (compiling source file 'HomeSystemFunctions.cpp')
  
C:\Users\josia\Documents\UNI Stuff\CS\24 25\Advanced Programing\SmartHomeSystem\HomeSystem.h(34,10): error C4430: missing type specifier - int assumed. Note: C++ does not support default-int
  (compiling source file 'HomeSystemFunctions.cpp')
  
C:\Users\josia\Documents\UNI Stuff\CS\24 25\Advanced Programing\SmartHomeSystem\HomeSystem.h(34,30): error C2238: unexpected token(s) preceding ';'
  (compiling source file 'HomeSystemFunctions.cpp')
  
C:\Users\josia\Documents\UNI Stuff\CS\24 25\Advanced Programing\SmartHomeSystem\HomeSystem.h(42,13): error C2143: syntax error: missing ';' before '*'
  (compiling source file 'HomeSystemFunctions.cpp')
  
C:\Users\josia\Documents\UNI Stuff\CS\24 25\Advanced Programing\SmartHomeSystem\HomeSystem.h(42,8): error C7525: inline variables require at least '/std:c++17'
  (compiling source file 'HomeSystemFunctions.cpp')
  
C:\Users\josia\Documents\UNI Stuff\CS\24 25\Advanced Programing\SmartHomeSystem\HomeSystem.h(42,8): error C4430: missing type specifier - int assumed. Note: C++ does not support default-int
  (compiling source file 'HomeSystemFunctions.cpp')
  
C:\Users\josia\Documents\UNI Stuff\CS\24 25\Advanced Programing\SmartHomeSystem\HomeSystem.h(42,15): error C4430: missing type specifier - int assumed. Note: C++ does not support default-int
  (compiling source file 'HomeSystemFunctions.cpp')
  
C:\Users\josia\Documents\UNI Stuff\CS\24 25\Advanced Programing\SmartHomeSystem\HomeSystem.h(42,29): error C2059: syntax error: '{'
  (compiling source file 'HomeSystemFunctions.cpp')
  
C:\Users\josia\Documents\UNI Stuff\CS\24 25\Advanced Programing\SmartHomeSystem\HomeSystem.h(42,29): error C2143: syntax error: missing ';' before '{'
  (compiling source file 'HomeSystemFunctions.cpp')
  
C:\Users\josia\Documents\UNI Stuff\CS\24 25\Advanced Programing\SmartHomeSystem\HomeSystem.h(42,29): error C2447: '{': missing function header (old-style formal list?)
  (compiling source file 'HomeSystemFunctions.cpp')
  
C:\Users\josia\Documents\UNI Stuff\CS\24 25\Advanced Programing\SmartHomeSystem\HomeSystem.h(7,8): error C2011: 'params': 'struct' type redefinition
  (compiling source file 'HomeSystemFunctions.cpp')
      C:\Users\josia\Documents\UNI Stuff\CS\24 25\Advanced Programing\SmartHomeSystem\HomeSystem.h(7,8):
      see declaration of 'params'
  
C:\Users\josia\Documents\UNI Stuff\CS\24 25\Advanced Programing\SmartHomeSystem\HomeSystem.h(10,8): error C2011: 'DeviceTypes': 'struct' type redefinition
  (compiling source file 'HomeSystemFunctions.cpp')
      C:\Users\josia\Documents\UNI Stuff\CS\24 25\Advanced Programing\SmartHomeSystem\HomeSystem.h(10,8):
      see declaration of 'DeviceTypes'
  
C:\Users\josia\Documents\UNI Stuff\CS\24 25\Advanced Programing\SmartHomeSystem\HomeSystem.h(16,7): error C2011: 'HomeSystem': 'class' type redefinition
  (compiling source file 'HomeSystemFunctions.cpp')
      C:\Users\josia\Documents\UNI Stuff\CS\24 25\Advanced Programing\SmartHomeSystem\HomeSystem.h(16,7):
      see declaration of 'HomeSystem'
  
C:\Users\josia\Documents\UNI Stuff\CS\24 25\Advanced Programing\SmartHomeSystem\HomeSystem.h(42,13): error C2143: syntax error: missing ';' before '*'
  (compiling source file 'HomeSystemFunctions.cpp')
  
C:\Users\josia\Documents\UNI Stuff\CS\24 25\Advanced Programing\SmartHomeSystem\HomeSystem.h(42,8): error C7525: inline variables require at least '/std:c++17'
  (compiling source file 'HomeSystemFunctions.cpp')
  
C:\Users\josia\Documents\UNI Stuff\CS\24 25\Advanced Programing\SmartHomeSystem\HomeSystem.h(42,8): error C4430: missing type specifier - int assumed. Note: C++ does not support default-int
  (compiling source file 'HomeSystemFunctions.cpp')
  
C:\Users\josia\Documents\UNI Stuff\CS\24 25\Advanced Programing\SmartHomeSystem\HomeSystem.h(42,8): error C2086: 'int Light': redefinition
  (compiling source file 'HomeSystemFunctions.cpp')
      C:\Users\josia\Documents\UNI Stuff\CS\24 25\Advanced Programing\SmartHomeSystem\HomeSystem.h(42,8):
      see declaration of 'Light'
  
C:\Users\josia\Documents\UNI Stuff\CS\24 25\Advanced Programing\SmartHomeSystem\HomeSystem.h(42,15): error C4430: missing type specifier - int assumed. Note: C++ does not support default-int
  (compiling source file 'HomeSystemFunctions.cpp')
  
C:\Users\josia\Documents\UNI Stuff\CS\24 25\Advanced Programing\SmartHomeSystem\HomeSystem.h(42,29): error C2059: syntax error: '{'
  (compiling source file 'HomeSystemFunctions.cpp')
  
C:\Users\josia\Documents\UNI Stuff\CS\24 25\Advanced Programing\SmartHomeSystem\HomeSystem.h(42,29): error C2143: syntax error: missing ';' before '{'
  (compiling source file 'HomeSystemFunctions.cpp')
  
C:\Users\josia\Documents\UNI Stuff\CS\24 25\Advanced Programing\SmartHomeSystem\HomeSystem.h(42,29): error C2447: '{': missing function header (old-style formal list?)
  (compiling source file 'HomeSystemFunctions.cpp')
  
C:\Users\josia\Documents\UNI Stuff\CS\24 25\Advanced Programing\SmartHomeSystem\CommonFunctions.h(11,14): warning C4091: 'static ': ignored on left of 'CommonFunctions' when no variable is declared
  (compiling source file 'HomeSystemFunctions.cpp')
  
  Light.cpp
C:\Users\josia\Documents\UNI Stuff\CS\24 25\Advanced Programing\SmartHomeSystem\HomeSystem.h(11,5): error C2143: syntax error: missing ';' before '<'
  (compiling source file 'Light.cpp')
  
C:\Users\josia\Documents\UNI Stuff\CS\24 25\Advanced Programing\SmartHomeSystem\HomeSystem.h(11,2): error C4430: missing type specifier - int assumed. Note: C++ does not support default-int
  (compiling source file 'Light.cpp')
  
C:\Users\josia\Documents\UNI Stuff\CS\24 25\Advanced Programing\SmartHomeSystem\HomeSystem.h(11,29): error C2238: unexpected token(s) preceding ';'
  (compiling source file 'Light.cpp')
  
C:\Users\josia\Documents\UNI Stuff\CS\24 25\Advanced Programing\SmartHomeSystem\HomeSystem.h(12,5): error C2143: syntax error: missing ';' before '<'
  (compiling source file 'Light.cpp')
  
C:\Users\josia\Documents\UNI Stuff\CS\24 25\Advanced Programing\SmartHomeSystem\HomeSystem.h(12,2): error C4430: missing type specifier - int assumed. Note: C++ does not support default-int
  (compiling source file 'Light.cpp')
  
C:\Users\josia\Documents\UNI Stuff\CS\24 25\Advanced Programing\SmartHomeSystem\HomeSystem.h(12,34): error C2238: unexpected token(s) preceding ';'
  (compiling source file 'Light.cpp')
  
C:\Users\josia\Documents\UNI Stuff\CS\24 25\Advanced Programing\SmartHomeSystem\HomeSystem.h(34,15): error C2143: syntax error: missing ';' before '*'
  (compiling source file 'Light.cpp')
  
C:\Users\josia\Documents\UNI Stuff\CS\24 25\Advanced Programing\SmartHomeSystem\HomeSystem.h(34,10): error C7524: 'inline' specifier cannot appear on a block-scope declaration or non-static data member
  (compiling source file 'Light.cpp')
  
C:\Users\josia\Documents\UNI Stuff\CS\24 25\Advanced Programing\SmartHomeSystem\HomeSystem.h(34,10): error C4430: missing type specifier - int assumed. Note: C++ does not support default-int
  (compiling source file 'Light.cpp')
  
C:\Users\josia\Documents\UNI Stuff\CS\24 25\Advanced Programing\SmartHomeSystem\HomeSystem.h(34,30): error C2238: unexpected token(s) preceding ';'
  (compiling source file 'Light.cpp')
  
C:\Users\josia\Documents\UNI Stuff\CS\24 25\Advanced Programing\SmartHomeSystem\HomeSystem.h(42,13): error C2143: syntax error: missing ';' before '*'
  (compiling source file 'Light.cpp')
  
C:\Users\josia\Documents\UNI Stuff\CS\24 25\Advanced Programing\SmartHomeSystem\HomeSystem.h(42,8): error C7525: inline variables require at least '/std:c++17'
  (compiling source file 'Light.cpp')
  
C:\Users\josia\Documents\UNI Stuff\CS\24 25\Advanced Programing\SmartHomeSystem\HomeSystem.h(42,8): error C4430: missing type specifier - int assumed. Note: C++ does not support default-int
  (compiling source file 'Light.cpp')
  
C:\Users\josia\Documents\UNI Stuff\CS\24 25\Advanced Programing\SmartHomeSystem\HomeSystem.h(42,15): error C4430: missing type specifier - int assumed. Note: C++ does not support default-int
  (compiling source file 'Light.cpp')
  
C:\Users\josia\Documents\UNI Stuff\CS\24 25\Advanced Programing\SmartHomeSystem\HomeSystem.h(42,29): error C2059: syntax error: '{'
  (compiling source file 'Light.cpp')
  
C:\Users\josia\Documents\UNI Stuff\CS\24 25\Advanced Programing\SmartHomeSystem\HomeSystem.h(42,29): error C2143: syntax error: missing ';' before '{'
  (compiling source file 'Light.cpp')
  
C:\Users\josia\Documents\UNI Stuff\CS\24 25\Advanced Programing\SmartHomeSystem\HomeSystem.h(42,29): error C2447: '{': missing function header (old-style formal list?)
  (compiling source file 'Light.cpp')
  
  main.cpp
C:\Users\josia\Documents\UNI Stuff\CS\24 25\Advanced Programing\SmartHomeSystem\HomeSystem.h(11,5): error C2143: syntax error: missing ';' before '<'
  (compiling source file 'main.cpp')
  
C:\Users\josia\Documents\UNI Stuff\CS\24 25\Advanced Programing\SmartHomeSystem\HomeSystem.h(11,2): error C4430: missing type specifier - int assumed. Note: C++ does not support default-int
  (compiling source file 'main.cpp')
  
C:\Users\josia\Documents\UNI Stuff\CS\24 25\Advanced Programing\SmartHomeSystem\HomeSystem.h(11,29): error C2238: unexpected token(s) preceding ';'
  (compiling source file 'main.cpp')
  
C:\Users\josia\Documents\UNI Stuff\CS\24 25\Advanced Programing\SmartHomeSystem\HomeSystem.h(12,5): error C2143: syntax error: missing ';' before '<'
  (compiling source file 'main.cpp')
  
C:\Users\josia\Documents\UNI Stuff\CS\24 25\Advanced Programing\SmartHomeSystem\HomeSystem.h(12,2): error C4430: missing type specifier - int assumed. Note: C++ does not support default-int
  (compiling source file 'main.cpp')
  
C:\Users\josia\Documents\UNI Stuff\CS\24 25\Advanced Programing\SmartHomeSystem\HomeSystem.h(12,34): error C2238: unexpected token(s) preceding ';'
  (compiling source file 'main.cpp')
  
C:\Users\josia\Documents\UNI Stuff\CS\24 25\Advanced Programing\SmartHomeSystem\HomeSystem.h(34,15): error C2143: syntax error: missing ';' before '*'
  (compiling source file 'main.cpp')
  
C:\Users\josia\Documents\UNI Stuff\CS\24 25\Advanced Programing\SmartHomeSystem\HomeSystem.h(34,10): error C7524: 'inline' specifier cannot appear on a block-scope declaration or non-static data member
  (compiling source file 'main.cpp')
  
C:\Users\josia\Documents\UNI Stuff\CS\24 25\Advanced Programing\SmartHomeSystem\HomeSystem.h(34,10): error C4430: missing type specifier - int assumed. Note: C++ does not support default-int
  (compiling source file 'main.cpp')
  
C:\Users\josia\Documents\UNI Stuff\CS\24 25\Advanced Programing\SmartHomeSystem\HomeSystem.h(34,30): error C2238: unexpected token(s) preceding ';'
  (compiling source file 'main.cpp')
  
C:\Users\josia\Documents\UNI Stuff\CS\24 25\Advanced Programing\SmartHomeSystem\HomeSystem.h(42,13): error C2143: syntax error: missing ';' before '*'
  (compiling source file 'main.cpp')
  
C:\Users\josia\Documents\UNI Stuff\CS\24 25\Advanced Programing\SmartHomeSystem\HomeSystem.h(42,8): error C7525: inline variables require at least '/std:c++17'
  (compiling source file 'main.cpp')
  
C:\Users\josia\Documents\UNI Stuff\CS\24 25\Advanced Programing\SmartHomeSystem\HomeSystem.h(42,8): error C4430: missing type specifier - int assumed. Note: C++ does not support default-int
  (compiling source file 'main.cpp')
  
C:\Users\josia\Documents\UNI Stuff\CS\24 25\Advanced Programing\SmartHomeSystem\HomeSystem.h(42,15): error C4430: missing type specifier - int assumed. Note: C++ does not support default-int
  (compiling source file 'main.cpp')
  
C:\Users\josia\Documents\UNI Stuff\CS\24 25\Advanced Programing\SmartHomeSystem\HomeSystem.h(42,29): error C2059: syntax error: '{'
  (compiling source file 'main.cpp')
  
C:\Users\josia\Documents\UNI Stuff\CS\24 25\Advanced Programing\SmartHomeSystem\HomeSystem.h(42,29): error C2143: syntax error: missing ';' before '{'
  (compiling source file 'main.cpp')
  
C:\Users\josia\Documents\UNI Stuff\CS\24 25\Advanced Programing\SmartHomeSystem\HomeSystem.h(42,29): error C2447: '{': missing function header (old-style formal list?)
  (compiling source file 'main.cpp')
  
C:\Users\josia\Documents\UNI Stuff\CS\24 25\Advanced Programing\SmartHomeSystem\HomeSystem.h(7,8): error C2011: 'params': 'struct' type redefinition
  (compiling source file 'main.cpp')
      C:\Users\josia\Documents\UNI Stuff\CS\24 25\Advanced Programing\SmartHomeSystem\HomeSystem.h(7,8):
      see declaration of 'params'
  
C:\Users\josia\Documents\UNI Stuff\CS\24 25\Advanced Programing\SmartHomeSystem\HomeSystem.h(10,8): error C2011: 'DeviceTypes': 'struct' type redefinition
  (compiling source file 'main.cpp')
      C:\Users\josia\Documents\UNI Stuff\CS\24 25\Advanced Programing\SmartHomeSystem\HomeSystem.h(10,8):
      see declaration of 'DeviceTypes'
  
C:\Users\josia\Documents\UNI Stuff\CS\24 25\Advanced Programing\SmartHomeSystem\HomeSystem.h(16,7): error C2011: 'HomeSystem': 'class' type redefinition
  (compiling source file 'main.cpp')
      C:\Users\josia\Documents\UNI Stuff\CS\24 25\Advanced Programing\SmartHomeSystem\HomeSystem.h(16,7):
      see declaration of 'HomeSystem'
  
C:\Users\josia\Documents\UNI Stuff\CS\24 25\Advanced Programing\SmartHomeSystem\HomeSystem.h(42,13): error C2143: syntax error: missing ';' before '*'
  (compiling source file 'main.cpp')
  
C:\Users\josia\Documents\UNI Stuff\CS\24 25\Advanced Programing\SmartHomeSystem\HomeSystem.h(42,8): error C7525: inline variables require at least '/std:c++17'
  (compiling source file 'main.cpp')
  
C:\Users\josia\Documents\UNI Stuff\CS\24 25\Advanced Programing\SmartHomeSystem\HomeSystem.h(42,8): error C4430: missing type specifier - int assumed. Note: C++ does not support default-int
  (compiling source file 'main.cpp')
  
C:\Users\josia\Documents\UNI Stuff\CS\24 25\Advanced Programing\SmartHomeSystem\HomeSystem.h(42,8): error C2086: 'int Light': redefinition
  (compiling source file 'main.cpp')
      C:\Users\josia\Documents\UNI Stuff\CS\24 25\Advanced Programing\SmartHomeSystem\HomeSystem.h(42,8):
      see declaration of 'Light'
  
C:\Users\josia\Documents\UNI Stuff\CS\24 25\Advanced Programing\SmartHomeSystem\HomeSystem.h(42,15): error C4430: missing type specifier - int assumed. Note: C++ does not support default-int
  (compiling source file 'main.cpp')
  
C:\Users\josia\Documents\UNI Stuff\CS\24 25\Advanced Programing\SmartHomeSystem\HomeSystem.h(42,29): error C2059: syntax error: '{'
  (compiling source file 'main.cpp')
  
C:\Users\josia\Documents\UNI Stuff\CS\24 25\Advanced Programing\SmartHomeSystem\HomeSystem.h(42,29): error C2143: syntax error: missing ';' before '{'
  (compiling source file 'main.cpp')
  
C:\Users\josia\Documents\UNI Stuff\CS\24 25\Advanced Programing\SmartHomeSystem\HomeSystem.h(42,29): error C2447: '{': missing function header (old-style formal list?)
  (compiling source file 'main.cpp')
  
C:\Users\josia\Documents\UNI Stuff\CS\24 25\Advanced Programing\SmartHomeSystem\HomeSystemFunctions.h(23,14): warning C4091: 'static ': ignored on left of 'HomeSystemFunctions' when no variable is declared
  (compiling source file 'main.cpp')
  
C:\Users\josia\Documents\UNI Stuff\CS\24 25\Advanced Programing\SmartHomeSystem\CommonFunctions.h(11,14): warning C4091: 'static ': ignored on left of 'CommonFunctions' when no variable is declared
  (compiling source file 'main.cpp')
  
C:\Users\josia\Documents\UNI Stuff\CS\24 25\Advanced Programing\SmartHomeSystem\main.cpp(19,35): error C2027: use of undefined type 'HomeSystem'
      C:\Users\josia\Documents\UNI Stuff\CS\24 25\Advanced Programing\SmartHomeSystem\HomeSystem.h(16,7):
      see declaration of 'HomeSystem'
  
C:\Users\josia\Documents\UNI Stuff\CS\24 25\Advanced Programing\SmartHomeSystem\main.cpp(20,2): error C2027: use of undefined type 'HomeSystem'
      C:\Users\josia\Documents\UNI Stuff\CS\24 25\Advanced Programing\SmartHomeSystem\HomeSystem.h(16,7):
      see declaration of 'HomeSystem'
  
C:\Users\josia\Documents\UNI Stuff\CS\24 25\Advanced Programing\SmartHomeSystem\main.cpp(48,2): warning C4150: deletion of pointer to incomplete type 'HomeSystem'; no destructor called
      C:\Users\josia\Documents\UNI Stuff\CS\24 25\Advanced Programing\SmartHomeSystem\HomeSystem.h(16,7):
      see declaration of 'HomeSystem'
  
  Generating Code...
